<?xml version="1.0" encoding="UTF-8"?>
<!-- Generated by org.testng.reporters.JUnitReportReporter -->
<testsuite hostname="Sebastians-MBP" name="com.sebbulon.challenge.resources.TransactionResourceTest" tests="2" failures="0" timestamp="14 Mar 2016 11:48:01 GMT" time="0.005" errors="0">
  <testcase name="testFetch" time="0.004" classname="com.sebbulon.challenge.resources.TransactionResourceTest"/>
  <testcase name="testAdd" time="0.001" classname="com.sebbulon.challenge.resources.TransactionResourceTest"/>
</testsuite> <!-- com.sebbulon.challenge.resources.TransactionResourceTest -->
